#
# There is insufficient memory for the Java Runtime Environment to continue.
# Native memory allocation (malloc) failed to allocate 1062736 bytes for Chunk::new
# Possible reasons:
#   The system is out of physical RAM or swap space
#   The process is running with CompressedOops enabled, and the Java Heap may be blocking the growth of the native heap
# Possible solutions:
#   Reduce memory load on the system
#   Increase physical memory or swap space
#   Check if swap backing store is full
#   Decrease Java heap size (-Xmx/-Xms)
#   Decrease number of Java threads
#   Decrease Java thread stack sizes (-Xss)
#   Set larger code cache with -XX:ReservedCodeCacheSize=
#   JVM is running with Unscaled Compressed Oops mode in which the Java heap is
#     placed in the first 4GB address space. The Java Heap base address is the
#     maximum limit for the native heap growth. Please use -XX:HeapBaseMinAddress
#     to set the Java Heap base and to place the Java Heap above 4GB virtual address.
# This output file may be truncated or incomplete.
#
#  Out of Memory Error (allocation.cpp:389), pid=8920, tid=0x0000000000001438
#
# JRE version: OpenJDK Runtime Environment (8.0_242-b01) (build 1.8.0_242-release-1644-b01)
# Java VM: OpenJDK 64-Bit Server VM (25.242-b01 mixed mode windows-amd64 compressed oops)
# Failed to write core dump. Minidumps are not enabled by default on client versions of Windows
#

---------------  T H R E A D  ---------------

Current thread (0x00000000196e8000):  JavaThread "C2 CompilerThread0" daemon [_thread_in_native, id=5176, stack(0x000000001ad30000,0x000000001ae30000)]

Stack: [0x000000001ad30000,0x000000001ae30000]
[error occurred during error reporting (printing stack bounds), id 0xc0000005]

Native frames: (J=compiled Java code, j=interpreted, Vv=VM code, C=native code)


Current CompileTask:
C2:   5517 5883       4       java.net.URLClassLoader$1::run (5 bytes)


---------------  P R O C E S S  ---------------

Java Threads: ( => current thread )
  0x000000001fec7000 JavaThread "Cache worker for execution history cache (E:\Android Projects\SmartHome2\.gradle\6.5\executionHistory)" [_thread_blocked, id=42148, stack(0x000000002ed30000,0x000000002ee30000)]
  0x000000001fec5000 JavaThread "Execution worker for ':' Thread 11" [_thread_blocked, id=33308, stack(0x000000002ec30000,0x000000002ed30000)]
  0x000000001fec5800 JavaThread "Execution worker for ':' Thread 10" [_thread_blocked, id=16636, stack(0x000000002eb30000,0x000000002ec30000)]
  0x000000001fec2800 JavaThread "Execution worker for ':' Thread 9" [_thread_blocked, id=16728, stack(0x000000002ea30000,0x000000002eb30000)]
  0x000000001febf800 JavaThread "Execution worker for ':' Thread 8" [_thread_blocked, id=32400, stack(0x000000002e930000,0x000000002ea30000)]
  0x000000001fec6800 JavaThread "Execution worker for ':' Thread 7" [_thread_blocked, id=1520, stack(0x000000002e830000,0x000000002e930000)]
  0x000000001fec3800 JavaThread "Execution worker for ':' Thread 6" [_thread_blocked, id=33480, stack(0x000000002e730000,0x000000002e830000)]
  0x000000001fec4000 JavaThread "Execution worker for ':' Thread 5" [_thread_blocked, id=32228, stack(0x000000002e630000,0x000000002e730000)]
  0x000000001fec2000 JavaThread "Execution worker for ':' Thread 4" [_thread_blocked, id=42804, stack(0x000000002e530000,0x000000002e630000)]
  0x0000000020113000 JavaThread "Execution worker for ':' Thread 3" [_thread_blocked, id=15276, stack(0x000000002e430000,0x000000002e530000)]
  0x0000000020112800 JavaThread "Execution worker for ':' Thread 2" [_thread_blocked, id=33100, stack(0x000000002e0d0000,0x000000002e1d0000)]
  0x0000000020111800 JavaThread "Execution worker for ':'" [_thread_in_Java, id=11904, stack(0x000000002ded0000,0x000000002dfd0000)]
  0x000000002010a000 JavaThread "Cache worker for file content cache (E:\Android Projects\SmartHome2\.gradle\6.5\fileContent)" [_thread_blocked, id=6528, stack(0x000000002db60000,0x000000002dc60000)]
  0x0000000020111000 JavaThread "Memory manager" [_thread_blocked, id=41476, stack(0x000000002d860000,0x000000002d960000)]
  0x0000000020109800 JavaThread "Cache worker for Build Output Cleanup Cache (E:\Android Projects\SmartHome2\.gradle\buildOutputCleanup)" [_thread_blocked, id=42272, stack(0x000000002b760000,0x000000002b860000)]
  0x000000002010f800 JavaThread "jar transforms Thread 94" [_thread_blocked, id=12372, stack(0x000000002b660000,0x000000002b760000)]
  0x0000000020108000 JavaThread "jar transforms Thread 93" [_thread_blocked, id=31792, stack(0x000000002b560000,0x000000002b660000)]
  0x000000002010e000 JavaThread "jar transforms Thread 92" [_thread_blocked, id=41924, stack(0x000000002b460000,0x000000002b560000)]
  0x000000002010d000 JavaThread "jar transforms Thread 91" [_thread_blocked, id=41412, stack(0x000000002b360000,0x000000002b460000)]
  0x000000002010e800 JavaThread "jar transforms Thread 90" [_thread_blocked, id=4460, stack(0x000000002b260000,0x000000002b360000)]
  0x0000000020108800 JavaThread "jar transforms Thread 89" [_thread_blocked, id=17192, stack(0x000000002b160000,0x000000002b260000)]
  0x000000002010c800 JavaThread "jar transforms Thread 88" [_thread_blocked, id=41936, stack(0x000000002b060000,0x000000002b160000)]
  0x0000000020105000 JavaThread "jar transforms Thread 87" [_thread_blocked, id=41708, stack(0x000000002af60000,0x000000002b060000)]
  0x000000002010b800 JavaThread "jar transforms Thread 86" [_thread_blocked, id=32596, stack(0x000000002ae60000,0x000000002af60000)]
  0x0000000020106800 JavaThread "jar transforms Thread 85" [_thread_blocked, id=32424, stack(0x000000002ad60000,0x000000002ae60000)]
  0x0000000020107000 JavaThread "jar transforms Thread 84" [_thread_blocked, id=42268, stack(0x000000002ac60000,0x000000002ad60000)]
  0x0000000020104000 JavaThread "jar transforms Thread 83" [_thread_blocked, id=16472, stack(0x000000002ab60000,0x000000002ac60000)]
  0x0000000020105800 JavaThread "jar transforms Thread 82" [_thread_blocked, id=5832, stack(0x000000002aa60000,0x000000002ab60000)]
  0x000000002010b000 JavaThread "jar transforms Thread 81" [_thread_blocked, id=11100, stack(0x000000002a960000,0x000000002aa60000)]
  0x000000002372c000 JavaThread "jar transforms Thread 80" [_thread_blocked, id=40284, stack(0x000000002a860000,0x000000002a960000)]
  0x000000002372b000 JavaThread "jar transforms Thread 79" [_thread_blocked, id=14712, stack(0x000000002a760000,0x000000002a860000)]
  0x000000002372a800 JavaThread "jar transforms Thread 78" [_thread_blocked, id=42436, stack(0x000000002a660000,0x000000002a760000)]
  0x0000000023729800 JavaThread "jar transforms Thread 77" [_thread_blocked, id=32476, stack(0x000000002a560000,0x000000002a660000)]
  0x0000000023729000 JavaThread "jar transforms Thread 76" [_thread_blocked, id=33708, stack(0x000000002a460000,0x000000002a560000)]
  0x0000000023728000 JavaThread "jar transforms Thread 75" [_thread_blocked, id=16816, stack(0x000000002a360000,0x000000002a460000)]
  0x000000002372c800 JavaThread "jar transforms Thread 74" [_thread_blocked, id=41360, stack(0x000000002a260000,0x000000002a360000)]
  0x000000002372f000 JavaThread "jar transforms Thread 73" [_thread_blocked, id=4228, stack(0x000000002a160000,0x000000002a260000)]
  0x000000002372e000 JavaThread "jar transforms Thread 72" [_thread_blocked, id=13460, stack(0x000000002a060000,0x000000002a160000)]
  0x000000002372d800 JavaThread "jar transforms Thread 71" [_thread_blocked, id=41676, stack(0x0000000029f60000,0x000000002a060000)]
  0x0000000023720800 JavaThread "jar transforms Thread 70" [_thread_blocked, id=21612, stack(0x0000000029e60000,0x0000000029f60000)]
  0x0000000023727800 JavaThread "jar transforms Thread 69" [_thread_blocked, id=21024, stack(0x0000000029d60000,0x0000000029e60000)]
  0x0000000023720000 JavaThread "jar transforms Thread 68" [_thread_blocked, id=32888, stack(0x0000000029c60000,0x0000000029d60000)]
  0x0000000023726800 JavaThread "jar transforms Thread 67" [_thread_blocked, id=42800, stack(0x0000000029b60000,0x0000000029c60000)]
  0x0000000023726000 JavaThread "jar transforms Thread 66" [_thread_blocked, id=41592, stack(0x0000000029a60000,0x0000000029b60000)]
  0x0000000023723800 JavaThread "jar transforms Thread 65" [_thread_blocked, id=6828, stack(0x0000000029960000,0x0000000029a60000)]
  0x0000000023725000 JavaThread "jar transforms Thread 64" [_thread_blocked, id=11680, stack(0x0000000029860000,0x0000000029960000)]
  0x0000000023723000 JavaThread "jar transforms Thread 63" [_thread_blocked, id=41772, stack(0x0000000029760000,0x0000000029860000)]
  0x0000000023721800 JavaThread "jar transforms Thread 62" [_thread_blocked, id=33272, stack(0x0000000029660000,0x0000000029760000)]
  0x0000000023724800 JavaThread "jar transforms Thread 61" [_thread_blocked, id=29268, stack(0x0000000029560000,0x0000000029660000)]
  0x0000000023722000 JavaThread "jar transforms Thread 60" [_thread_blocked, id=42756, stack(0x0000000029460000,0x0000000029560000)]
  0x000000002067e800 JavaThread "jar transforms Thread 59" [_thread_blocked, id=38412, stack(0x0000000029360000,0x0000000029460000)]
  0x000000002067b800 JavaThread "jar transforms Thread 58" [_thread_blocked, id=15480, stack(0x0000000029260000,0x0000000029360000)]
  0x000000002067a000 JavaThread "jar transforms Thread 57" [_thread_blocked, id=42856, stack(0x0000000029160000,0x0000000029260000)]
  0x000000002067e000 JavaThread "jar transforms Thread 56" [_thread_blocked, id=42768, stack(0x0000000029060000,0x0000000029160000)]
  0x000000002067f800 JavaThread "jar transforms Thread 55" [_thread_blocked, id=33768, stack(0x0000000028f60000,0x0000000029060000)]
  0x000000002067b000 JavaThread "jar transforms Thread 54" [_thread_blocked, id=42772, stack(0x0000000028e60000,0x0000000028f60000)]
  0x0000000020679800 JavaThread "jar transforms Thread 53" [_thread_blocked, id=32668, stack(0x0000000028d60000,0x0000000028e60000)]
  0x000000002067d000 JavaThread "jar transforms Thread 52" [_thread_blocked, id=42764, stack(0x0000000028c60000,0x0000000028d60000)]
  0x000000002067c800 JavaThread "jar transforms Thread 51" [_thread_blocked, id=33592, stack(0x0000000028b60000,0x0000000028c60000)]
  0x0000000020672000 JavaThread "jar transforms Thread 50" [_thread_blocked, id=4012, stack(0x0000000028a60000,0x0000000028b60000)]
  0x0000000020678800 JavaThread "jar transforms Thread 49" [_thread_blocked, id=3244, stack(0x0000000028960000,0x0000000028a60000)]
  0x0000000020671000 JavaThread "jar transforms Thread 48" [_thread_blocked, id=41564, stack(0x0000000028860000,0x0000000028960000)]
  0x0000000020675000 JavaThread "jar transforms Thread 47" [_thread_blocked, id=13068, stack(0x0000000028760000,0x0000000028860000)]
  0x0000000020677000 JavaThread "jar transforms Thread 46" [_thread_blocked, id=42780, stack(0x0000000028660000,0x0000000028760000)]
  0x0000000020673800 JavaThread "jar transforms Thread 45" [_thread_blocked, id=42776, stack(0x0000000028560000,0x0000000028660000)]
  0x0000000020678000 JavaThread "jar transforms Thread 44" [_thread_blocked, id=41452, stack(0x0000000028460000,0x0000000028560000)]
  0x0000000020670800 JavaThread "jar transforms Thread 43" [_thread_blocked, id=9132, stack(0x0000000028360000,0x0000000028460000)]
  0x0000000020675800 JavaThread "jar transforms Thread 42" [_thread_blocked, id=8888, stack(0x0000000028260000,0x0000000028360000)]
  0x0000000020676800 JavaThread "jar transforms Thread 41" [_thread_blocked, id=7876, stack(0x0000000028160000,0x0000000028260000)]
  0x0000000020672800 JavaThread "jar transforms Thread 40" [_thread_blocked, id=3936, stack(0x0000000028060000,0x0000000028160000)]
  0x0000000020674000 JavaThread "jar transforms Thread 39" [_thread_blocked, id=32336, stack(0x0000000027f60000,0x0000000028060000)]
  0x0000000022b52000 JavaThread "jar transforms Thread 38" [_thread_blocked, id=33552, stack(0x0000000027e60000,0x0000000027f60000)]
  0x0000000022b51000 JavaThread "jar transforms Thread 37" [_thread_blocked, id=42424, stack(0x0000000027d60000,0x0000000027e60000)]
  0x0000000022b50800 JavaThread "jar transforms Thread 36" [_thread_blocked, id=34808, stack(0x0000000027c60000,0x0000000027d60000)]
  0x0000000022b4f800 JavaThread "jar transforms Thread 35" [_thread_blocked, id=41916, stack(0x0000000027b60000,0x0000000027c60000)]
  0x0000000022b53800 JavaThread "jar transforms Thread 34" [_thread_blocked, id=15088, stack(0x0000000027a60000,0x0000000027b60000)]
  0x0000000022b52800 JavaThread "jar transforms Thread 33" [_thread_blocked, id=12684, stack(0x0000000027960000,0x0000000027a60000)]
  0x0000000022b4f000 JavaThread "jar transforms Thread 32" [_thread_blocked, id=20772, stack(0x0000000027860000,0x0000000027960000)]
  0x0000000022b4e000 JavaThread "jar transforms Thread 31" [_thread_blocked, id=5568, stack(0x0000000027760000,0x0000000027860000)]
  0x0000000022b46800 JavaThread "jar transforms Thread 30" [_thread_blocked, id=42908, stack(0x0000000027660000,0x0000000027760000)]
  0x0000000022b4d800 JavaThread "jar transforms Thread 29" [_thread_blocked, id=32156, stack(0x0000000027560000,0x0000000027660000)]
  0x0000000022b4c800 JavaThread "jar transforms Thread 28" [_thread_blocked, id=41256, stack(0x0000000027460000,0x0000000027560000)]
  0x0000000022b45000 JavaThread "jar transforms Thread 27" [_thread_blocked, id=33360, stack(0x0000000027360000,0x0000000027460000)]
  0x0000000022b4b800 JavaThread "jar transforms Thread 26" [_thread_blocked, id=20964, stack(0x0000000027260000,0x0000000027360000)]
  0x0000000022b4b000 JavaThread "jar transforms Thread 25" [_thread_blocked, id=16932, stack(0x0000000027160000,0x0000000027260000)]
  0x0000000022b49800 JavaThread "jar transforms Thread 24" [_thread_blocked, id=41616, stack(0x0000000027060000,0x0000000027160000)]
  0x0000000022b4a000 JavaThread "jar transforms Thread 23" [_thread_blocked, id=6892, stack(0x0000000026f60000,0x0000000027060000)]
  0x0000000022b44000 JavaThread "jar transforms Thread 22" [_thread_blocked, id=1612, stack(0x0000000026e60000,0x0000000026f60000)]
  0x0000000022b48800 JavaThread "jar transforms Thread 21" [_thread_blocked, id=41164, stack(0x0000000026d60000,0x0000000026e60000)]
  0x0000000022b48000 JavaThread "jar transforms Thread 20" [_thread_blocked, id=42732, stack(0x0000000026c60000,0x0000000026d60000)]
  0x0000000022b47000 JavaThread "jar transforms Thread 19" [_thread_blocked, id=42624, stack(0x0000000026b60000,0x0000000026c60000)]
  0x0000000022b45800 JavaThread "jar transforms Thread 18" [_thread_blocked, id=41580, stack(0x0000000026a60000,0x0000000026b60000)]
  0x000000001c86a000 JavaThread "jar transforms Thread 17" [_thread_blocked, id=21308, stack(0x0000000026960000,0x0000000026a60000)]
  0x000000001c869800 JavaThread "jar transforms Thread 16" [_thread_blocked, id=9168, stack(0x0000000026860000,0x0000000026960000)]
  0x000000001c870000 JavaThread "jar transforms Thread 15" [_thread_blocked, id=42408, stack(0x0000000026760000,0x0000000026860000)]
  0x000000001c86e000 JavaThread "jar transforms Thread 14" [_thread_blocked, id=41876, stack(0x0000000026660000,0x0000000026760000)]
  0x000000001c86d000 JavaThread "jar transforms Thread 13" [_thread_blocked, id=42468, stack(0x0000000026560000,0x0000000026660000)]
  0x000000001c86f800 JavaThread "jar transforms Thread 12" [_thread_blocked, id=32224, stack(0x0000000026460000,0x0000000026560000)]
  0x000000001c86c800 JavaThread "jar transforms Thread 11" [_thread_blocked, id=15448, stack(0x0000000026360000,0x0000000026460000)]
  0x000000001c86b800 JavaThread "jar transforms Thread 10" [_thread_blocked, id=32372, stack(0x0000000026260000,0x0000000026360000)]
  0x000000001c86b000 JavaThread "jar transforms Thread 9" [_thread_blocked, id=42508, stack(0x0000000026160000,0x0000000026260000)]
  0x000000001c86e800 JavaThread "jar transforms Thread 8" [_thread_blocked, id=42676, stack(0x0000000026060000,0x0000000026160000)]
  0x000000001fc9e800 JavaThread "jar transforms Thread 7" [_thread_blocked, id=42096, stack(0x0000000025f60000,0x0000000026060000)]
  0x000000001fc9e000 JavaThread "jar transforms Thread 6" [_thread_blocked, id=41736, stack(0x0000000025e60000,0x0000000025f60000)]
  0x000000001fc9d000 JavaThread "jar transforms Thread 5" [_thread_blocked, id=13404, stack(0x0000000025d60000,0x0000000025e60000)]
  0x000000001fc96800 JavaThread "jar transforms Thread 4" [_thread_blocked, id=42724, stack(0x0000000025c60000,0x0000000025d60000)]
  0x000000001fc9a000 JavaThread "jar transforms Thread 3" [_thread_blocked, id=1876, stack(0x0000000025b60000,0x0000000025c60000)]
  0x000000001fc95800 JavaThread "jar transforms Thread 2" [_thread_blocked, id=43000, stack(0x0000000025a60000,0x0000000025b60000)]
  0x000000001fc9c800 JavaThread "Build operations Thread 12" [_thread_blocked, id=41056, stack(0x0000000025960000,0x0000000025a60000)]
  0x000000001fc9b000 JavaThread "Build operations Thread 11" [_thread_blocked, id=40992, stack(0x0000000025860000,0x0000000025960000)]
  0x000000001fc99800 JavaThread "Build operations Thread 10" [_thread_blocked, id=42192, stack(0x0000000025760000,0x0000000025860000)]
  0x000000001fc98800 JavaThread "Build operations Thread 9" [_thread_blocked, id=32864, stack(0x0000000025660000,0x0000000025760000)]
  0x000000001fc98000 JavaThread "Build operations Thread 8" [_thread_blocked, id=41596, stack(0x0000000025560000,0x0000000025660000)]
  0x000000001fc9b800 JavaThread "Build operations Thread 7" [_thread_blocked, id=900, stack(0x0000000025460000,0x0000000025560000)]
  0x000000001fc92000 JavaThread "Build operations Thread 6" [_thread_blocked, id=20216, stack(0x0000000025260000,0x0000000025360000)]
  0x000000001fc95000 JavaThread "Build operations Thread 5" [_thread_blocked, id=42620, stack(0x0000000025160000,0x0000000025260000)]
  0x000000001fc97000 JavaThread "Build operations Thread 4" [_thread_blocked, id=34132, stack(0x0000000025060000,0x0000000025160000)]
  0x000000001fc8f800 JavaThread "Build operations Thread 3" [_thread_blocked, id=33076, stack(0x0000000024f60000,0x0000000025060000)]
  0x000000001fc93800 JavaThread "Build operations Thread 2" [_thread_blocked, id=33036, stack(0x0000000024e60000,0x0000000024f60000)]
  0x000000001fc92800 JavaThread "Build operations" [_thread_blocked, id=41288, stack(0x0000000024d60000,0x0000000024e60000)]
  0x000000001d09f800 JavaThread "Cache worker for file content cache (C:\Users\RC\.gradle\caches\6.5\fileContent)" [_thread_blocked, id=33248, stack(0x0000000024660000,0x0000000024760000)]
  0x000000001d0a1000 JavaThread "jar transforms" [_thread_blocked, id=11676, stack(0x0000000023270000,0x0000000023370000)]
  0x000000001d09d000 JavaThread "Cache worker for execution history cache (C:\Users\RC\.gradle\caches\6.5\executionHistory)" [_thread_blocked, id=42100, stack(0x00000000218f0000,0x00000000219f0000)]
  0x000000001d09e000 JavaThread "Cache worker for cache directory md-rule (C:\Users\RC\.gradle\caches\6.5\md-rule)" [_thread_blocked, id=13888, stack(0x00000000217f0000,0x00000000218f0000)]
  0x000000001d09b000 JavaThread "Cache worker for cache directory md-supplier (C:\Users\RC\.gradle\caches\6.5\md-supplier)" [_thread_blocked, id=42328, stack(0x0000000023590000,0x0000000023690000)]
  0x000000001d09c800 JavaThread "Cache worker for checksums cache (E:\Android Projects\SmartHome2\.gradle\checksums)" [_thread_blocked, id=6560, stack(0x0000000021aa0000,0x0000000021ba0000)]
  0x000000001d09b800 JavaThread "Cache worker for file hash cache (E:\Android Projects\SmartHome2\.gradle\6.5\fileHashes)" [_thread_blocked, id=42552, stack(0x0000000022b70000,0x0000000022c70000)]
  0x000000001d09a000 JavaThread "Cache worker for file hash cache (C:\Users\RC\.gradle\caches\6.5\fileHashes)" [_thread_blocked, id=42848, stack(0x000000001f350000,0x000000001f450000)]
  0x000000001d09e800 JavaThread "File lock request listener" [_thread_in_native, id=5696, stack(0x000000001f250000,0x000000001f350000)]
  0x000000001b3a1000 JavaThread "Cache worker for journal cache (C:\Users\RC\.gradle\caches\journal-1)" [_thread_blocked, id=42896, stack(0x000000001f150000,0x000000001f250000)]
  0x000000001cfee000 JavaThread "Thread-9" [_thread_blocked, id=460, stack(0x000000001ee50000,0x000000001ef50000)]
  0x000000001cfe9000 JavaThread "Stdin handler" [_thread_blocked, id=16164, stack(0x000000001ed50000,0x000000001ee50000)]
  0x000000001cfe7000 JavaThread "Asynchronous log dispatcher for DefaultDaemonConnection: socket connection from /127.0.0.1:52843 to /127.0.0.1:52844" [_thread_blocked, id=9572, stack(0x000000001ec50000,0x000000001ed50000)]
  0x000000001d01e800 JavaThread "Daemon worker" [_thread_blocked, id=23172, stack(0x000000001eb50000,0x000000001ec50000)]
  0x000000001cfd6000 JavaThread "Cancel handler" [_thread_blocked, id=40512, stack(0x000000001ea50000,0x000000001eb50000)]
  0x000000001cf43000 JavaThread "Handler for socket connection from /127.0.0.1:52843 to /127.0.0.1:52844" [_thread_in_native, id=41712, stack(0x000000001e950000,0x000000001ea50000)]
  0x000000001cf40000 JavaThread "Daemon" [_thread_blocked, id=24056, stack(0x000000001e850000,0x000000001e950000)]
  0x000000001cf69800 JavaThread "Daemon periodic checks" [_thread_blocked, id=6100, stack(0x000000001e550000,0x000000001e650000)]
  0x000000001cf2a000 JavaThread "Incoming local TCP Connector on port 52843" [_thread_in_native, id=9392, stack(0x000000001e310000,0x000000001e410000)]
  0x000000001ce8a800 JavaThread "Daemon health stats" [_thread_blocked, id=42344, stack(0x000000001dcd0000,0x000000001ddd0000)]
  0x000000001977a800 JavaThread "Service Thread" daemon [_thread_blocked, id=32500, stack(0x000000001b130000,0x000000001b230000)]
  0x00000000196f3000 JavaThread "C1 CompilerThread3" daemon [_thread_blocked, id=23404, stack(0x000000001b030000,0x000000001b130000)]
  0x00000000196f2000 JavaThread "C2 CompilerThread2" daemon [_thread_in_native, id=41852, stack(0x000000001af30000,0x000000001b030000)]
  0x00000000196ef000 JavaThread "C2 CompilerThread1" daemon [_thread_in_native, id=8264, stack(0x000000001ae30000,0x000000001af30000)]
=>0x00000000196e8000 JavaThread "C2 CompilerThread0" daemon [_thread_in_native, id=5176, stack(0x000000001ad30000,0x000000001ae30000)]
  0x00000000196e7000 JavaThread "Attach Listener" daemon [_thread_blocked, id=42984, stack(0x000000001ac30000,0x000000001ad30000)]
  0x00000000196e1000 JavaThread "Signal Dispatcher" daemon [_thread_blocked, id=6896, stack(0x000000001ab30000,0x000000001ac30000)]
  0x0000000002d9b000 JavaThread "Finalizer" daemon [_thread_blocked, id=41632, stack(0x000000001a930000,0x000000001aa30000)]
  0x00000000196d3000 JavaThread "Reference Handler" daemon [_thread_blocked, id=42516, stack(0x000000001a830000,0x000000001a930000)]
  0x0000000002b9d800 JavaThread "main" [_thread_blocked, id=9080, stack(0x0000000002ba0000,0x0000000002ca0000)]

Other Threads:
  0x00000000196b2800 VMThread [stack: 0x000000001a730000,0x000000001a830000] [id=41820]
  0x000000001977b000 WatcherThread [stack: 0x000000001b230000,0x000000001b330000] [id=9500]

VM state:not at safepoint (normal execution)

VM Mutex/Monitor currently owned by a thread: None

heap address: 0x0000000080000000, size: 2048 MB, Compressed Oops mode: 32-bit
Narrow klass base: 0x0000000000000000, Narrow klass shift: 3
Compressed class space size: 1073741824 Address: 0x0000000100000000

Heap:
 PSYoungGen      total 219136K, used 93030K [0x00000000d5580000, 0x00000000e5e80000, 0x0000000100000000)
  eden space 201728K, 46% used [0x00000000d5580000,0x00000000db059a18,0x00000000e1a80000)
  from space 17408K, 0% used [0x00000000e2e80000,0x00000000e2e80000,0x00000000e3f80000)
  to   space 20480K, 0% used [0x00000000e1a80000,0x00000000e1a80000,0x00000000e2e80000)
 ParOldGen       total 217088K, used 35953K [0x0000000080000000, 0x000000008d400000, 0x00000000d5580000)
  object space 217088K, 16% used [0x0000000080000000,0x000000008231c508,0x000000008d400000)
 Metaspace       used 62645K, capacity 65384K, committed 65704K, reserved 1105920K
  class space    used 8725K, capacity 9290K, committed 9392K, reserved 1048576K

Card table byte_map: [0x0000000012160000,0x0000000012570000] byte_map_base: 0x0000000011d60000

Marking Bits: (ParMarkBitMap*) 0x000000006f73f030
 Begin Bits: [0x0000000013220000, 0x0000000015220000)
 End Bits:   [0x0000000015220000, 0x0000000017220000)

Polling page: 0x0000000002a10000

CodeCache: size=245760Kb used=18213Kb max_used=20438Kb free=227546Kb
 bounds [0x0000000002da0000, 0x00000000041b0000, 0x0000000011da0000]
 total_blobs=6124 nmethods=5342 adapters=695
 compilation: enabled

Compilation events (10 events):
Event: 5.507 Thread 0x00000000196f3000 5959   !   3       org.gradle.internal.serialize.kryo.KryoBackedDecoder::readBoolean (15 bytes)
Event: 5.508 Thread 0x00000000196f3000 nmethod 5959 0x0000000002fe8790 code [0x0000000002fe8960, 0x0000000002fe90a8]
Event: 5.508 Thread 0x00000000196f3000 5962   !   3       org.gradle.internal.serialize.kryo.KryoBackedDecoder::readSmallInt (16 bytes)
Event: 5.508 Thread 0x00000000196f3000 nmethod 5962 0x0000000002f858d0 code [0x0000000002f85aa0, 0x0000000002f86148]
Event: 5.508 Thread 0x00000000196f3000 5960       3       org.gradle.internal.serialize.AbstractDecoder::readBinary (16 bytes)
Event: 5.508 Thread 0x00000000196f3000 nmethod 5960 0x0000000003398790 code [0x0000000003398920, 0x0000000003398d78]
Event: 5.508 Thread 0x00000000196f3000 5961       1       java.util.stream.Collectors$CollectorImpl::characteristics (5 bytes)
Event: 5.508 Thread 0x00000000196f3000 nmethod 5961 0x0000000002f0ee10 code [0x0000000002f0ef60, 0x0000000002f0f070]
Event: 5.511 Thread 0x00000000196f3000 5964       3       org.gradle.internal.reflect.JavaPropertyReflectionUtil::getAnnotation (7 bytes)
Event: 5.511 Thread 0x00000000196f3000 nmethod 5964 0x0000000002f0ea90 code [0x0000000002f0ec00, 0x0000000002f0ed68]

GC Heap History (10 events):
Event: 2.686 GC heap before
{Heap before GC invocations=9 (full 2):
 PSYoungGen      total 118784K, used 8013K [0x00000000d5580000, 0x00000000e1e80000, 0x0000000100000000)
  eden space 106496K, 0% used [0x00000000d5580000,0x00000000d5580000,0x00000000dbd80000)
  from space 12288K, 65% used [0x00000000dbd80000,0x00000000dc553540,0x00000000dc980000)
  to   space 11776K, 0% used [0x00000000e1300000,0x00000000e1300000,0x00000000e1e80000)
 ParOldGen       total 93184K, used 7178K [0x0000000080000000, 0x0000000085b00000, 0x00000000d5580000)
  object space 93184K, 7% used [0x0000000080000000,0x0000000080702a38,0x0000000085b00000)
 Metaspace       used 34285K, capacity 35398K, committed 35496K, reserved 1079296K
  class space    used 4719K, capacity 5002K, committed 5040K, reserved 1048576K
Event: 2.719 GC heap after
Heap after GC invocations=9 (full 2):
 PSYoungGen      total 118784K, used 0K [0x00000000d5580000, 0x00000000e1e80000, 0x0000000100000000)
  eden space 106496K, 0% used [0x00000000d5580000,0x00000000d5580000,0x00000000dbd80000)
  from space 12288K, 0% used [0x00000000dbd80000,0x00000000dbd80000,0x00000000dc980000)
  to   space 11776K, 0% used [0x00000000e1300000,0x00000000e1300000,0x00000000e1e80000)
 ParOldGen       total 139264K, used 14384K [0x0000000080000000, 0x0000000088800000, 0x00000000d5580000)
  object space 139264K, 10% used [0x0000000080000000,0x0000000080e0c018,0x0000000088800000)
 Metaspace       used 34285K, capacity 35398K, committed 35496K, reserved 1079296K
  class space    used 4719K, capacity 5002K, committed 5040K, reserved 1048576K
}
Event: 3.198 GC heap before
{Heap before GC invocations=10 (full 2):
 PSYoungGen      total 118784K, used 106496K [0x00000000d5580000, 0x00000000e1e80000, 0x0000000100000000)
  eden space 106496K, 100% used [0x00000000d5580000,0x00000000dbd80000,0x00000000dbd80000)
  from space 12288K, 0% used [0x00000000dbd80000,0x00000000dbd80000,0x00000000dc980000)
  to   space 11776K, 0% used [0x00000000e1300000,0x00000000e1300000,0x00000000e1e80000)
 ParOldGen       total 139264K, used 14384K [0x0000000080000000, 0x0000000088800000, 0x00000000d5580000)
  object space 139264K, 10% used [0x0000000080000000,0x0000000080e0c018,0x0000000088800000)
 Metaspace       used 37836K, capacity 39554K, committed 39720K, reserved 1083392K
  class space    used 5238K, capacity 5597K, committed 5680K, reserved 1048576K
Event: 3.202 GC heap after
Heap after GC invocations=10 (full 2):
 PSYoungGen      total 168448K, used 8252K [0x00000000d5580000, 0x00000000e1b80000, 0x0000000100000000)
  eden space 159744K, 0% used [0x00000000d5580000,0x00000000d5580000,0x00000000df180000)
  from space 8704K, 94% used [0x00000000e1300000,0x00000000e1b0f000,0x00000000e1b80000)
  to   space 11264K, 0% used [0x00000000e0580000,0x00000000e0580000,0x00000000e1080000)
 ParOldGen       total 139264K, used 14392K [0x0000000080000000, 0x0000000088800000, 0x00000000d5580000)
  object space 139264K, 10% used [0x0000000080000000,0x0000000080e0e018,0x0000000088800000)
 Metaspace       used 37836K, capacity 39554K, committed 39720K, reserved 1083392K
  class space    used 5238K, capacity 5597K, committed 5680K, reserved 1048576K
}
Event: 4.185 GC heap before
{Heap before GC invocations=11 (full 2):
 PSYoungGen      total 168448K, used 167996K [0x00000000d5580000, 0x00000000e1b80000, 0x0000000100000000)
  eden space 159744K, 100% used [0x00000000d5580000,0x00000000df180000,0x00000000df180000)
  from space 8704K, 94% used [0x00000000e1300000,0x00000000e1b0f000,0x00000000e1b80000)
  to   space 11264K, 0% used [0x00000000e0580000,0x00000000e0580000,0x00000000e1080000)
 ParOldGen       total 139264K, used 14392K [0x0000000080000000, 0x0000000088800000, 0x00000000d5580000)
  object space 139264K, 10% used [0x0000000080000000,0x0000000080e0e018,0x0000000088800000)
 Metaspace       used 51614K, capacity 53692K, committed 53928K, reserved 1095680K
  class space    used 6909K, capacity 7310K, committed 7344K, reserved 1048576K
Event: 4.195 GC heap after
Heap after GC invocations=11 (full 2):
 PSYoungGen      total 191488K, used 11232K [0x00000000d5580000, 0x00000000e3f80000, 0x0000000100000000)
  eden space 180224K, 0% used [0x00000000d5580000,0x00000000d5580000,0x00000000e0580000)
  from space 11264K, 99% used [0x00000000e0580000,0x00000000e1078050,0x00000000e1080000)
  to   space 17408K, 0% used [0x00000000e2e80000,0x00000000e2e80000,0x00000000e3f80000)
 ParOldGen       total 139264K, used 27332K [0x0000000080000000, 0x0000000088800000, 0x00000000d5580000)
  object space 139264K, 19% used [0x0000000080000000,0x0000000081ab1380,0x0000000088800000)
 Metaspace       used 51614K, capacity 53692K, committed 53928K, reserved 1095680K
  class space    used 6909K, capacity 7310K, committed 7344K, reserved 1048576K
}
Event: 4.675 GC heap before
{Heap before GC invocations=12 (full 2):
 PSYoungGen      total 191488K, used 97060K [0x00000000d5580000, 0x00000000e3f80000, 0x0000000100000000)
  eden space 180224K, 47% used [0x00000000d5580000,0x00000000da951020,0x00000000e0580000)
  from space 11264K, 99% used [0x00000000e0580000,0x00000000e1078050,0x00000000e1080000)
  to   space 17408K, 0% used [0x00000000e2e80000,0x00000000e2e80000,0x00000000e3f80000)
 ParOldGen       total 139264K, used 27332K [0x0000000080000000, 0x0000000088800000, 0x00000000d5580000)
  object space 139264K, 19% used [0x0000000080000000,0x0000000081ab1380,0x0000000088800000)
 Metaspace       used 56587K, capacity 59044K, committed 59160K, reserved 1099776K
  class space    used 7748K, capacity 8254K, committed 8368K, reserved 1048576K
Event: 4.684 GC heap after
Heap after GC invocations=12 (full 2):
 PSYoungGen      total 219136K, used 17386K [0x00000000d5580000, 0x00000000e5e80000, 0x0000000100000000)
  eden space 201728K, 0% used [0x00000000d5580000,0x00000000d5580000,0x00000000e1a80000)
  from space 17408K, 99% used [0x00000000e2e80000,0x00000000e3f7aa80,0x00000000e3f80000)
  to   space 20480K, 0% used [0x00000000e1a80000,0x00000000e1a80000,0x00000000e2e80000)
 ParOldGen       total 139264K, used 30040K [0x0000000080000000, 0x0000000088800000, 0x00000000d5580000)
  object space 139264K, 21% used [0x0000000080000000,0x0000000081d56068,0x0000000088800000)
 Metaspace       used 56587K, capacity 59044K, committed 59160K, reserved 1099776K
  class space    used 7748K, capacity 8254K, committed 8368K, reserved 1048576K
}
Event: 4.684 GC heap before
{Heap before GC invocations=13 (full 3):
 PSYoungGen      total 219136K, used 17386K [0x00000000d5580000, 0x00000000e5e80000, 0x0000000100000000)
  eden space 201728K, 0% used [0x00000000d5580000,0x00000000d5580000,0x00000000e1a80000)
  from space 17408K, 99% used [0x00000000e2e80000,0x00000000e3f7aa80,0x00000000e3f80000)
  to   space 20480K, 0% used [0x00000000e1a80000,0x00000000e1a80000,0x00000000e2e80000)
 ParOldGen       total 139264K, used 30040K [0x0000000080000000, 0x0000000088800000, 0x00000000d5580000)
  object space 139264K, 21% used [0x0000000080000000,0x0000000081d56068,0x0000000088800000)
 Metaspace       used 56587K, capacity 59044K, committed 59160K, reserved 1099776K
  class space    used 7748K, capacity 8254K, committed 8368K, reserved 1048576K
Event: 4.842 GC heap after
Heap after GC invocations=13 (full 3):
 PSYoungGen      total 219136K, used 0K [0x00000000d5580000, 0x00000000e5e80000, 0x0000000100000000)
  eden space 201728K, 0% used [0x00000000d5580000,0x00000000d5580000,0x00000000e1a80000)
  from space 17408K, 0% used [0x00000000e2e80000,0x00000000e2e80000,0x00000000e3f80000)
  to   space 20480K, 0% used [0x00000000e1a80000,0x00000000e1a80000,0x00000000e2e80000)
 ParOldGen       total 217088K, used 35953K [0x0000000080000000, 0x000000008d400000, 0x00000000d5580000)
  object space 217088K, 16% used [0x0000000080000000,0x000000008231c508,0x000000008d400000)
 Metaspace       used 56532K, capacity 58858K, committed 59160K, reserved 1099776K
  class space    used 7731K, capacity 8223K, committed 8368K, reserved 1048576K
}

Deoptimization events (10 events):
Event: 5.372 Thread 0x000000001d01e800 Uncommon trap: reason=speculate_class_check action=maybe_recompile pc=0x00000000038c9228 method=com.google.common.collect.AbstractIndexedListIterator.next()Ljava/lang/Object; @ 27
Event: 5.419 Thread 0x000000001fec2000 Uncommon trap: reason=class_check action=maybe_recompile pc=0x0000000003e9c654 method=java.util.Collections$SetFromMap.remove(Ljava/lang/Object;)Z @ 5
Event: 5.419 Thread 0x000000001fec2000 Uncommon trap: reason=unstable_if action=reinterpret pc=0x0000000002fabf8c method=com.google.common.base.Objects.equal(Ljava/lang/Object;Ljava/lang/Object;)Z @ 14
Event: 5.421 Thread 0x000000001fec2000 Uncommon trap: reason=class_check action=maybe_recompile pc=0x0000000003e9c654 method=java.util.Collections$SetFromMap.remove(Ljava/lang/Object;)Z @ 5
Event: 5.421 Thread 0x000000001fec2000 Uncommon trap: reason=class_check action=maybe_recompile pc=0x0000000003e9c654 method=java.util.Collections$SetFromMap.remove(Ljava/lang/Object;)Z @ 5
Event: 5.451 Thread 0x000000001fec2000 Uncommon trap: reason=class_check action=maybe_recompile pc=0x0000000003e9c654 method=java.util.Collections$SetFromMap.remove(Ljava/lang/Object;)Z @ 5
Event: 5.461 Thread 0x000000001fec7000 Uncommon trap: reason=bimorphic action=maybe_recompile pc=0x0000000003acc304 method=java.util.Arrays.binarySearch0([Ljava/lang/Object;IILjava/lang/Object;Ljava/util/Comparator;)I @ 48
Event: 5.461 Thread 0x000000001fec7000 Uncommon trap: reason=bimorphic action=maybe_recompile pc=0x0000000003acc304 method=java.util.Arrays.binarySearch0([Ljava/lang/Object;IILjava/lang/Object;Ljava/util/Comparator;)I @ 48
Event: 5.461 Thread 0x000000001fec7000 Uncommon trap: reason=bimorphic action=maybe_recompile pc=0x0000000003acc304 method=java.util.Arrays.binarySearch0([Ljava/lang/Object;IILjava/lang/Object;Ljava/util/Comparator;)I @ 48
Event: 5.461 Thread 0x000000001fec7000 Uncommon trap: reason=bimorphic action=maybe_recompile pc=0x0000000003acc304 method=java.util.Arrays.binarySearch0([Ljava/lang/Object;IILjava/lang/Object;Ljava/util/Comparator;)I @ 48

Classes redefined (0 events):
No events

Internal exceptions (10 events):
Event: 5.288 Thread 0x000000001d01e800 Exception <a 'java/lang/ClassNotFoundException': com/android/build/gradle/tasks/ResourceAwareTaskCustomizer> (0x00000000d94601d8) thrown at [C:\src\AOSP-openjdk-git\hotspot\src\share\vm\classfile\systemDictionary.cpp, line 210]
Event: 5.289 Thread 0x000000001d01e800 Exception <a 'java/lang/ClassNotFoundException': com/android/build/gradle/tasks/MergeResourcesCustomizer> (0x00000000d949d028) thrown at [C:\src\AOSP-openjdk-git\hotspot\src\share\vm\classfile\systemDictionary.cpp, line 210]
Event: 5.289 Thread 0x000000001d01e800 Exception <a 'java/lang/ClassNotFoundException': com/android/build/gradle/tasks/MergeResources_DecoratedCustomizer> (0x00000000d95040b0) thrown at [C:\src\AOSP-openjdk-git\hotspot\src\share\vm\classfile\systemDictionary.cpp, line 210]
Event: 5.403 Thread 0x000000001cfee000 Exception <a 'java/lang/NoSuchMethodError': <clinit>> (0x00000000d58c19d8) thrown at [C:\src\AOSP-openjdk-git\hotspot\src\share\vm\prims\jni.cpp, line 1615]
Event: 5.404 Thread 0x000000001cfee000 Exception <a 'java/lang/NoSuchMethodError': <clinit>> (0x00000000d58cd110) thrown at [C:\src\AOSP-openjdk-git\hotspot\src\share\vm\prims\jni.cpp, line 1615]
Event: 5.419 Thread 0x000000001cfee000 Exception <a 'java/lang/NoSuchMethodError': <clinit>> (0x00000000d58d9bf8) thrown at [C:\src\AOSP-openjdk-git\hotspot\src\share\vm\prims\jni.cpp, line 1615]
Event: 5.420 Thread 0x000000001cfee000 Exception <a 'java/lang/NoSuchMethodError': <clinit>> (0x00000000d58ea980) thrown at [C:\src\AOSP-openjdk-git\hotspot\src\share\vm\prims\jni.cpp, line 1615]
Event: 5.420 Thread 0x000000001cfee000 Exception <a 'java/lang/NoSuchMethodError': <clinit>> (0x00000000d58ec4b8) thrown at [C:\src\AOSP-openjdk-git\hotspot\src\share\vm\prims\jni.cpp, line 1615]
Event: 5.452 Thread 0x000000001cfee000 Exception <a 'java/lang/NoSuchMethodError': <clinit>> (0x00000000d58f92f8) thrown at [C:\src\AOSP-openjdk-git\hotspot\src\share\vm\prims\jni.cpp, line 1615]
Event: 5.472 Thread 0x000000001fec2000 Exception <a 'java/lang/NoSuchMethodError': java.lang.Object.lambda$static$0(Lorg/gradle/internal/snapshot/SnapshotHierarchy$DiffCapturingUpdateFunction;Lorg/gradle/internal/snapshot/SnapshotHierarchy;)Lorg/gradle/internal/snapshot/SnapshotHierarchy;> (0x

Events (10 events):
Event: 5.514 loading class org/gradle/internal/component/external/model/VariantMetadataRules$VariantAction
Event: 5.514 loading class org/gradle/internal/component/external/model/VariantMetadataRules$VariantAction done
Event: 5.514 loading class org/gradle/internal/component/model/DependencyMetadataRules
Event: 5.514 loading class org/gradle/internal/component/model/DependencyMetadataRules done
Event: 5.515 loading class org/gradle/internal/component/external/model/ModuleDependencyMetadata
Event: 5.515 loading class org/gradle/internal/component/external/model/ModuleDependencyMetadata done
Event: 5.515 loading class org/gradle/internal/component/external/model/ModuleDependencyMetadata
Event: 5.515 loading class org/gradle/internal/component/external/model/ModuleDependencyMetadata done
Event: 5.515 loading class org/gradle/api/specs/Spec
Event: 5.515 loading class org/gradle/api/specs/Spec done


Dynamic libraries:
0x00007ff7196e0000 - 0x00007ff719711000 	C:\Program Files\Android\Android Studio\jre\bin\java.exe
0x00007ff8d85f0000 - 0x00007ff8d87e5000 	C:\Windows\SYSTEM32\ntdll.dll
0x00007ff8d66c0000 - 0x00007ff8d677d000 	C:\Windows\System32\KERNEL32.DLL
0x00007ff8d5e00000 - 0x00007ff8d60c8000 	C:\Windows\System32\KERNELBASE.dll
0x00007ff8d7d40000 - 0x00007ff8d7dec000 	C:\Windows\System32\ADVAPI32.dll
0x00007ff8d8510000 - 0x00007ff8d85ae000 	C:\Windows\System32\msvcrt.dll
0x00007ff8d6860000 - 0x00007ff8d68fb000 	C:\Windows\System32\sechost.dll
0x00007ff8d6900000 - 0x00007ff8d6a2b000 	C:\Windows\System32\RPCRT4.dll
0x00007ff8d7b90000 - 0x00007ff8d7d30000 	C:\Windows\System32\USER32.dll
0x00007ff8d6520000 - 0x00007ff8d6542000 	C:\Windows\System32\win32u.dll
0x00007ff8d8280000 - 0x00007ff8d82aa000 	C:\Windows\System32\GDI32.dll
0x00007ff8d6550000 - 0x00007ff8d665b000 	C:\Windows\System32\gdi32full.dll
0x00007ff8d5d30000 - 0x00007ff8d5dcd000 	C:\Windows\System32\msvcp_win.dll
0x00007ff8d6370000 - 0x00007ff8d6470000 	C:\Windows\System32\ucrtbase.dll
0x00007ff8c54e0000 - 0x00007ff8c577a000 	C:\Windows\WinSxS\amd64_microsoft.windows.common-controls_6595b64144ccf1df_6.0.19041.1052_none_60b8f8fd71f5e8cb\COMCTL32.dll
0x00007ff8d7ad0000 - 0x00007ff8d7b00000 	C:\Windows\System32\IMM32.DLL
0x000000006e420000 - 0x000000006e4f2000 	C:\Program Files\Android\Android Studio\jre\jre\bin\msvcr100.dll
0x000000006ef70000 - 0x000000006f7bb000 	C:\Program Files\Android\Android Studio\jre\jre\bin\server\jvm.dll
0x00007ff8d6ea0000 - 0x00007ff8d6ea8000 	C:\Windows\System32\PSAPI.DLL
0x00007ff8c5940000 - 0x00007ff8c5967000 	C:\Windows\SYSTEM32\WINMM.dll
0x00007ff8ce8a0000 - 0x00007ff8ce8aa000 	C:\Windows\SYSTEM32\VERSION.dll
0x00007ff8cdeb0000 - 0x00007ff8cdeb9000 	C:\Windows\SYSTEM32\WSOCK32.dll
0x00007ff8d7800000 - 0x00007ff8d786b000 	C:\Windows\System32\WS2_32.dll
0x00007ff8989b0000 - 0x00007ff8989bf000 	C:\Program Files\Android\Android Studio\jre\jre\bin\verify.dll
0x00007ff898980000 - 0x00007ff8989a9000 	C:\Program Files\Android\Android Studio\jre\jre\bin\java.dll
0x00007ff898960000 - 0x00007ff898976000 	C:\Program Files\Android\Android Studio\jre\jre\bin\zip.dll
0x00007ff8d70c0000 - 0x00007ff8d77ff000 	C:\Windows\System32\SHELL32.dll
0x00007ff8d3b80000 - 0x00007ff8d4310000 	C:\Windows\SYSTEM32\windows.storage.dll
0x00007ff8d7f20000 - 0x00007ff8d8275000 	C:\Windows\System32\combase.dll
0x00007ff8d57a0000 - 0x00007ff8d57cc000 	C:\Windows\SYSTEM32\Wldp.dll
0x00007ff8d6f70000 - 0x00007ff8d701e000 	C:\Windows\System32\SHCORE.dll
0x00007ff8d83d0000 - 0x00007ff8d8425000 	C:\Windows\System32\shlwapi.dll
0x00007ff8d5c70000 - 0x00007ff8d5c8f000 	C:\Windows\SYSTEM32\profapi.dll
0x00007ff898940000 - 0x00007ff89895a000 	C:\Program Files\Android\Android Studio\jre\jre\bin\net.dll
0x00007ff8d5510000 - 0x00007ff8d557a000 	C:\Windows\system32\mswsock.dll
0x00007ff898920000 - 0x00007ff898933000 	C:\Program Files\Android\Android Studio\jre\jre\bin\nio.dll
0x00007ff8b5520000 - 0x00007ff8b5547000 	C:\Users\RC\.gradle\native\f6784746aeab05261644944871eae4fe03e0ef1612fff0a4a95f87b438bc6780\windows-amd64\native-platform.dll
0x00007ff898910000 - 0x00007ff89891d000 	C:\Program Files\Android\Android Studio\jre\jre\bin\management.dll
0x00007ff8d56f0000 - 0x00007ff8d5708000 	C:\Windows\SYSTEM32\CRYPTSP.dll
0x00007ff8d4e40000 - 0x00007ff8d4e74000 	C:\Windows\system32\rsaenh.dll
0x00007ff8d5dd0000 - 0x00007ff8d5df7000 	C:\Windows\System32\bcrypt.dll
0x00007ff8d5c30000 - 0x00007ff8d5c5e000 	C:\Windows\SYSTEM32\USERENV.dll
0x00007ff8d60d0000 - 0x00007ff8d6153000 	C:\Windows\System32\bcryptprimitives.dll
0x00007ff8d56e0000 - 0x00007ff8d56ec000 	C:\Windows\SYSTEM32\CRYPTBASE.dll
0x00007ff8d51b0000 - 0x00007ff8d51eb000 	C:\Windows\SYSTEM32\IPHLPAPI.DLL
0x00007ff8d8430000 - 0x00007ff8d8438000 	C:\Windows\System32\NSI.dll
0x00007ff8cc890000 - 0x00007ff8cc8a7000 	C:\Windows\SYSTEM32\dhcpcsvc6.DLL
0x00007ff8cdd30000 - 0x00007ff8cdd4d000 	C:\Windows\SYSTEM32\dhcpcsvc.DLL
0x00007ff8d51f0000 - 0x00007ff8d52bc000 	C:\Windows\SYSTEM32\DNSAPI.dll
0x00007ff8ce5f0000 - 0x00007ff8ce5fb000 	C:\Windows\SYSTEM32\WINNSI.DLL

VM Arguments:
jvm_args: -Xmx2048m -Dfile.encoding=UTF-8 -Duser.country=US -Duser.language=en -Duser.variant 
java_command: org.gradle.launcher.daemon.bootstrap.GradleDaemon 6.5
java_class_path (initial): C:\Users\RC\.gradle\wrapper\dists\gradle-6.5-bin\6nifqtx7604sqp1q6g8wikw7p\gradle-6.5\lib\gradle-launcher-6.5.jar
Launcher Type: SUN_STANDARD

Environment Variables:
JAVA_HOME=C:\Program Files\Java\jdk-11.0.8
PATH=C:\ProgramData\Anaconda3;C:\ProgramData\Anaconda3\Library\mingw-w64\bin;C:\ProgramData\Anaconda3\Library\usr\bin;C:\ProgramData\Anaconda3\Library\bin;C:\ProgramData\Anaconda3\Scripts;C:\Program Files\nodejs\;C:\Program Files\Java\jdk-11.0.8\bin;C:\Program Files\Git\cmd;C:\Users\RC\AppData\Roaming\npm;C:\Windows;C:\Windows\system32;C:\Windows\System32\Wbem;C:\Program Files\NVIDIA Corporation\NVIDIA NvDLISR;C:\Users\RC\AppData\Local\Programs\PythonCodingPack\Scripts;C:\Users\RC\AppData\Local\Programs\PythonCodingPack;C:\Users\RC\AppData\Local\Programs\Python\Python39\Scripts\;C:\Users\RC\AppData\Local\Programs\Python\Python39\;C:\Users\RC\AppData\Local\Microsoft\WindowsApps;C:\Users\RC\AppData\Local\Programs\Microsoft VS Code\bin;C:\Users\RC\AppData\Roaming\npm;C:\Users\RC\AppData\Local\atom\bin;C:\Program Files\heroku\bin
USERNAME=RC
OS=Windows_NT
PROCESSOR_IDENTIFIER=Intel64 Family 6 Model 165 Stepping 2, GenuineIntel



---------------  S Y S T E M  ---------------

OS: Windows 10.0 , 64 bit Build 19041 (10.0.19041.1023)

CPU:total 12 (initial active 12) (6 cores per cpu, 2 threads per core) family 6 model 165 stepping 2, cmov, cx8, fxsr, mmx, sse, sse2, sse3, ssse3, sse4.1, sse4.2, popcnt, avx, avx2, aes, clmul, erms, 3dnowpref, lzcnt, ht, tsc, tscinvbit, bmi1, bmi2, adx

Memory: 4k page, physical 16642288k(2192816k free), swap 33419504k(6276k free)

vm_info: OpenJDK 64-Bit Server VM (25.242-b01) for windows-amd64 JRE (1.8.0_242-release-1644-b01), built by "builder" with MS VC++ 10.0 (VS2010)

time: Sun Jun 27 21:37:23 2021
timezone: Egypt Standard Time
elapsed time: 5 seconds (0d 0h 0m 5s)

